2019-01-30 00:00:01,012 INFO 1004 [egg-logrotator] app logger reload: got log-reload message
2019-01-30 00:37:35,040 INFO 5401 [egg:logger] init all loggers with options: {"dir":"/Users/dovlie/tinypng-webp-demo/logs/tynypng-webp-demo","encoding":"utf8","env":"local","level":"INFO","consoleLevel":"INFO","disableConsoleAfterReady":false,"outputJSON":false,"buffer":true,"appLogName":"tynypng-webp-demo-web.log","coreLogName":"egg-web.log","agentLogName":"egg-agent.log","errorLogName":"common-error.log","coreLogger":{"consoleLevel":"WARN"},"allowDebugAtProd":false,"type":"application"}
2019-01-30 00:37:35,075 INFO 5401 [egg-multipart] stream mode enable
2019-01-30 00:37:35,179 INFO 5401 [egg-static] starting static serve /public/ -> /Users/dovlie/tinypng-webp-demo/app/public
2019-01-30 00:37:35,182 INFO 5401 [egg-security] use csrf middleware
2019-01-30 00:37:35,184 INFO 5401 [egg-security] use methodnoallow middleware
2019-01-30 00:37:35,185 INFO 5401 [egg-security] use noopen middleware
2019-01-30 00:37:35,185 INFO 5401 [egg-security] use nosniff middleware
2019-01-30 00:37:35,186 INFO 5401 [egg-security] use xssProtection middleware
2019-01-30 00:37:35,187 INFO 5401 [egg-security] use xframe middleware
2019-01-30 00:37:35,187 INFO 5401 [egg-security] use dta middleware
2019-01-30 00:37:35,187 INFO 5401 [egg-security] compose 7 middlewares into one security middleware
2019-01-30 00:37:35,199 INFO 5401 [egg:core] dump config after load, 7ms
2019-01-30 00:37:35,232 INFO 5401 [egg-watcher:application] watcher start success
2019-01-30 00:37:35,245 INFO 5401 [egg:core] dump config after ready, 5ms
2019-01-30 00:44:41,083 INFO 6047 [egg:logger] init all loggers with options: {"dir":"/Users/dovlie/tinypng-webp-demo/logs/tynypng-webp-demo","encoding":"utf8","env":"local","level":"INFO","consoleLevel":"INFO","disableConsoleAfterReady":false,"outputJSON":false,"buffer":true,"appLogName":"tynypng-webp-demo-web.log","coreLogName":"egg-web.log","agentLogName":"egg-agent.log","errorLogName":"common-error.log","coreLogger":{"consoleLevel":"WARN"},"allowDebugAtProd":false,"type":"application"}
2019-01-30 00:44:41,113 INFO 6047 [egg-multipart] stream mode enable
2019-01-30 00:44:41,160 INFO 6047 [egg-static] starting static serve /public/ -> /Users/dovlie/tinypng-webp-demo/app/public
2019-01-30 00:44:41,162 INFO 6047 [egg-security] use csrf middleware
2019-01-30 00:44:41,162 INFO 6047 [egg-security] use methodnoallow middleware
2019-01-30 00:44:41,163 INFO 6047 [egg-security] use noopen middleware
2019-01-30 00:44:41,163 INFO 6047 [egg-security] use nosniff middleware
2019-01-30 00:44:41,163 INFO 6047 [egg-security] use xssProtection middleware
2019-01-30 00:44:41,164 INFO 6047 [egg-security] use xframe middleware
2019-01-30 00:44:41,164 INFO 6047 [egg-security] use dta middleware
2019-01-30 00:44:41,164 INFO 6047 [egg-security] compose 7 middlewares into one security middleware
2019-01-30 00:44:41,171 INFO 6047 [egg:core] dump config after load, 4ms
2019-01-30 00:44:41,191 INFO 6047 [egg-watcher:application] watcher start success
2019-01-30 00:44:41,195 INFO 6047 [egg:core] dump config after ready, 2ms
2019-01-30 11:14:59,890 INFO 10937 [egg:logger] init all loggers with options: {"dir":"/Users/yanyarong/Desktop/work/tinypngDemo/tinypng-webp-demo/logs/tynypng-webp-demo","encoding":"utf8","env":"local","level":"INFO","consoleLevel":"INFO","disableConsoleAfterReady":false,"outputJSON":false,"buffer":true,"appLogName":"tynypng-webp-demo-web.log","coreLogName":"egg-web.log","agentLogName":"egg-agent.log","errorLogName":"common-error.log","coreLogger":{"consoleLevel":"WARN"},"allowDebugAtProd":false,"type":"application"}
2019-01-30 11:14:59,920 INFO 10937 [egg-multipart] stream mode enable
2019-01-30 11:15:00,007 INFO 10937 [egg-static] starting static serve /public/ -> /Users/yanyarong/Desktop/work/tinypngDemo/tinypng-webp-demo/app/public
2019-01-30 11:15:00,010 INFO 10937 [egg-security] use csrf middleware
2019-01-30 11:15:00,011 INFO 10937 [egg-security] use methodnoallow middleware
2019-01-30 11:15:00,012 INFO 10937 [egg-security] use noopen middleware
2019-01-30 11:15:00,013 INFO 10937 [egg-security] use nosniff middleware
2019-01-30 11:15:00,014 INFO 10937 [egg-security] use xssProtection middleware
2019-01-30 11:15:00,015 INFO 10937 [egg-security] use xframe middleware
2019-01-30 11:15:00,016 INFO 10937 [egg-security] use dta middleware
2019-01-30 11:15:00,016 INFO 10937 [egg-security] compose 7 middlewares into one security middleware
2019-01-30 11:15:00,026 INFO 10937 [egg:core] dump config after load, 4ms
2019-01-30 11:15:00,039 INFO 10937 [egg-watcher:application] watcher start success
2019-01-30 11:15:00,044 INFO 10937 [egg:core] dump config after ready, 3ms
